<?xml version="1.0" encoding="UTF-8"?>
<!-- Generated by org.testng.reporters.JUnitXMLReporter -->
<testsuite ignored="0" hostname="MOMDAD" failures="0" tests="2" name="Test" time="27.471" errors="0" timestamp="2023-02-26T22:53:40 IST">
  <testcase classname="org.POM_TestCases.PushpaAssignmentIMDBSourceTC" name="verifyMovieInformation" time="0.507"/>
  <testcase classname="org.POM_TestCases.PushpaAssignmentWickiPediaSourceTC" name="verifyMovieInformation" time="0.571"/>
</testsuite> <!-- Test -->
