<?xml version="1.0" encoding="UTF-8"?>
<!-- Generated by org.testng.reporters.JUnitXMLReporter -->
<testsuite ignored="0" hostname="MOMDAD" failures="0" tests="2" name="Test" time="23.511" errors="0" timestamp="2023-02-26T22:18:12 IST">
  <testcase classname="org.POM_TestCases.PushpaAssignmentIMDBSourceTC" name="verifyMovieInformation" time="0.205"/>
  <testcase classname="org.POM_TestCases.PushpaAssignmentWickiPediaSourceTC" name="verifyMovieInformation" time="0.389"/>
</testsuite> <!-- Test -->
