<?xml version="1.0" encoding="UTF-8"?>
<testng-results ignored="0" total="2" passed="2" failed="0" skipped="0">
  <reporter-output>
    <line>
      <![CDATA[country name is =India]]>
    </line>
    <line>
      <![CDATA[release date is =December 17, 2021 (United States)]]>
    </line>
    <line>
      <![CDATA[country name is =India]]>
    </line>
    <line>
      <![CDATA[date is =17 December 2021]]>
    </line>
  </reporter-output>
  <suite started-at="2023-02-26T22:15:07 IST" name="PushPaAssignments" finished-at="2023-02-26T22:15:25 IST" duration-ms="17602">
    <groups>
    </groups>
    <test started-at="2023-02-26T22:15:07 IST" name="Test" finished-at="2023-02-26T22:15:25 IST" duration-ms="17602">
      <class name="org.POM_TestCases.PushpaAssignmentIMDBSourceTC">
        <test-method is-config="true" signature="OpenWikiWithPushpa()[pri:0, instance:org.POM_TestCases.PushpaAssignmentIMDBSourceTC@28eaa59a]" started-at="2023-02-26T22:15:07 IST" name="OpenWikiWithPushpa" finished-at="2023-02-26T22:15:19 IST" duration-ms="11376" status="PASS">
          <reporter-output>
          </reporter-output>
        </test-method> <!-- OpenWikiWithPushpa -->
        <test-method signature="verifyMovieInformation()[pri:0, instance:org.POM_TestCases.PushpaAssignmentIMDBSourceTC@28eaa59a]" started-at="2023-02-26T22:15:19 IST" name="verifyMovieInformation" finished-at="2023-02-26T22:15:19 IST" duration-ms="237" status="PASS">
          <reporter-output>
            <line>
              <![CDATA[country name is =India]]>
            </line>
            <line>
              <![CDATA[release date is =December 17, 2021 (United States)]]>
            </line>
          </reporter-output>
        </test-method> <!-- verifyMovieInformation -->
        <test-method is-config="true" signature="CloseBrowser()[pri:0, instance:org.POM_TestCases.PushpaAssignmentIMDBSourceTC@28eaa59a]" started-at="2023-02-26T22:15:19 IST" name="CloseBrowser" finished-at="2023-02-26T22:15:19 IST" duration-ms="492" status="PASS">
          <reporter-output>
          </reporter-output>
        </test-method> <!-- CloseBrowser -->
      </class> <!-- org.POM_TestCases.PushpaAssignmentIMDBSourceTC -->
      <class name="org.POM_TestCases.PushpaAssignmentWickiPediaSourceTC">
        <test-method is-config="true" signature="OpenWikiWithPushpa()[pri:0, instance:org.POM_TestCases.PushpaAssignmentWickiPediaSourceTC@1d9b7cce]" started-at="2023-02-26T22:15:19 IST" name="OpenWikiWithPushpa" finished-at="2023-02-26T22:15:23 IST" duration-ms="3674" status="PASS">
          <reporter-output>
          </reporter-output>
        </test-method> <!-- OpenWikiWithPushpa -->
        <test-method signature="verifyMovieInformation()[pri:0, instance:org.POM_TestCases.PushpaAssignmentWickiPediaSourceTC@1d9b7cce]" started-at="2023-02-26T22:15:23 IST" name="verifyMovieInformation" finished-at="2023-02-26T22:15:23 IST" duration-ms="346" status="PASS">
          <reporter-output>
            <line>
              <![CDATA[country name is =India]]>
            </line>
            <line>
              <![CDATA[date is =17 December 2021]]>
            </line>
          </reporter-output>
        </test-method> <!-- verifyMovieInformation -->
        <test-method is-config="true" signature="CloseBrowser()[pri:0, instance:org.POM_TestCases.PushpaAssignmentWickiPediaSourceTC@1d9b7cce]" started-at="2023-02-26T22:15:23 IST" name="CloseBrowser" finished-at="2023-02-26T22:15:25 IST" duration-ms="1418" status="PASS">
          <reporter-output>
          </reporter-output>
        </test-method> <!-- CloseBrowser -->
      </class> <!-- org.POM_TestCases.PushpaAssignmentWickiPediaSourceTC -->
    </test> <!-- Test -->
  </suite> <!-- PushPaAssignments -->
</testng-results>
