<?xml version="1.0" encoding="UTF-8"?>
<testng-results ignored="0" total="2" passed="2" failed="0" skipped="0">
  <reporter-output>
    <line>
      <![CDATA[country name is =India]]>
    </line>
    <line>
      <![CDATA[release date is =December 17, 2021 (United States)]]>
    </line>
    <line>
      <![CDATA[country name is =India]]>
    </line>
    <line>
      <![CDATA[release date is =17 December 2021]]>
    </line>
  </reporter-output>
  <suite started-at="2023-02-26T22:17:49 IST" name="PushPaAssignments" finished-at="2023-02-26T22:18:12 IST" duration-ms="23511">
    <groups>
    </groups>
    <test started-at="2023-02-26T22:17:49 IST" name="Test" finished-at="2023-02-26T22:18:12 IST" duration-ms="23511">
      <class name="org.POM_TestCases.PushpaAssignmentIMDBSourceTC">
        <test-method is-config="true" signature="OpenWikiWithPushpa()[pri:0, instance:org.POM_TestCases.PushpaAssignmentIMDBSourceTC@478190fc]" started-at="2023-02-26T22:17:49 IST" name="OpenWikiWithPushpa" finished-at="2023-02-26T22:18:07 IST" duration-ms="18356" status="PASS">
          <reporter-output>
          </reporter-output>
        </test-method> <!-- OpenWikiWithPushpa -->
        <test-method signature="verifyMovieInformation()[pri:0, instance:org.POM_TestCases.PushpaAssignmentIMDBSourceTC@478190fc]" started-at="2023-02-26T22:18:07 IST" name="verifyMovieInformation" finished-at="2023-02-26T22:18:07 IST" duration-ms="205" status="PASS">
          <reporter-output>
            <line>
              <![CDATA[country name is =India]]>
            </line>
            <line>
              <![CDATA[release date is =December 17, 2021 (United States)]]>
            </line>
          </reporter-output>
        </test-method> <!-- verifyMovieInformation -->
        <test-method is-config="true" signature="CloseBrowser()[pri:0, instance:org.POM_TestCases.PushpaAssignmentIMDBSourceTC@478190fc]" started-at="2023-02-26T22:18:07 IST" name="CloseBrowser" finished-at="2023-02-26T22:18:08 IST" duration-ms="326" status="PASS">
          <reporter-output>
          </reporter-output>
        </test-method> <!-- CloseBrowser -->
      </class> <!-- org.POM_TestCases.PushpaAssignmentIMDBSourceTC -->
      <class name="org.POM_TestCases.PushpaAssignmentWickiPediaSourceTC">
        <test-method is-config="true" signature="OpenWikiWithPushpa()[pri:0, instance:org.POM_TestCases.PushpaAssignmentWickiPediaSourceTC@1283bb96]" started-at="2023-02-26T22:18:08 IST" name="OpenWikiWithPushpa" finished-at="2023-02-26T22:18:11 IST" duration-ms="3530" status="PASS">
          <reporter-output>
          </reporter-output>
        </test-method> <!-- OpenWikiWithPushpa -->
        <test-method signature="verifyMovieInformation()[pri:0, instance:org.POM_TestCases.PushpaAssignmentWickiPediaSourceTC@1283bb96]" started-at="2023-02-26T22:18:11 IST" name="verifyMovieInformation" finished-at="2023-02-26T22:18:12 IST" duration-ms="389" status="PASS">
          <reporter-output>
            <line>
              <![CDATA[country name is =India]]>
            </line>
            <line>
              <![CDATA[release date is =17 December 2021]]>
            </line>
          </reporter-output>
        </test-method> <!-- verifyMovieInformation -->
        <test-method is-config="true" signature="CloseBrowser()[pri:0, instance:org.POM_TestCases.PushpaAssignmentWickiPediaSourceTC@1283bb96]" started-at="2023-02-26T22:18:12 IST" name="CloseBrowser" finished-at="2023-02-26T22:18:12 IST" duration-ms="622" status="PASS">
          <reporter-output>
          </reporter-output>
        </test-method> <!-- CloseBrowser -->
      </class> <!-- org.POM_TestCases.PushpaAssignmentWickiPediaSourceTC -->
    </test> <!-- Test -->
  </suite> <!-- PushPaAssignments -->
</testng-results>
